<?xml version="1.0" encoding="UTF-8"?>
<!-- Generated by org.testng.reporters.JUnitReportReporter -->
<testsuite skipped="0" hostname="swapnil-PC" name="TestNG.Groups" tests="4" failures="0" timestamp="01 Aug 2019 10:59:16 GMT" time="0.015" errors="0">
  <testcase name="printLogo2" time="0.000" classname="TestNG.Groups"/>
  <testcase name="test1" time="0.000" classname="TestNG.Groups"/>
  <testcase name="test2" time="0.000" classname="TestNG.Groups"/>
  <testcase name="printLogo1" time="0.015" classname="TestNG.Groups"/>
</testsuite> <!-- TestNG.Groups -->
