<?xml version="1.0" encoding="UTF-8"?>
<!-- Generated by org.testng.reporters.JUnitReportReporter -->
<testsuite skipped="0" hostname="swapnil-PC" name="TestNG.InvocationCount" tests="10" failures="0" timestamp="31 Jul 2019 15:00:27 GMT" time="0.092" errors="0">
  <testcase name="test1" time="0.000" classname="TestNG.InvocationCount"/>
  <testcase name="test1" time="0.000" classname="TestNG.InvocationCount"/>
  <testcase name="test1" time="0.015" classname="TestNG.InvocationCount"/>
  <testcase name="test1" time="0.000" classname="TestNG.InvocationCount"/>
  <testcase name="test1" time="0.047" classname="TestNG.InvocationCount"/>
  <testcase name="test1" time="0.000" classname="TestNG.InvocationCount"/>
  <testcase name="test1" time="0.015" classname="TestNG.InvocationCount"/>
  <testcase name="test1" time="0.000" classname="TestNG.InvocationCount"/>
  <testcase name="test1" time="0.000" classname="TestNG.InvocationCount"/>
  <testcase name="test1" time="0.015" classname="TestNG.InvocationCount"/>
</testsuite> <!-- TestNG.InvocationCount -->
