<?xml version="1.0" encoding="UTF-8"?>
<!-- Generated by org.testng.reporters.JUnitReportReporter -->
<testsuite skipped="1" hostname="swapnil-PC" name="TestNG.Priority" tests="2" failures="0" timestamp="01 Aug 2019 07:47:21 GMT" time="0.046" errors="0">
  <testcase name="test11" time="0.031" classname="TestNG.Priority">
    <skipped/>
  </testcase> <!-- test11 -->
  <testcase name="etest22" time="0.015" classname="TestNG.Priority"/>
</testsuite> <!-- TestNG.Priority -->
