<?xml version="1.0" encoding="UTF-8"?>
<!-- Generated by org.testng.reporters.JUnitReportReporter -->
<testsuite skipped="0" hostname="swapnil-PC" name="TestNG.ExpectedException" tests="1" failures="0" timestamp="31 Jul 2019 15:07:10 GMT" time="0.047" errors="0">
  <testcase name="test1" time="0.047" classname="TestNG.ExpectedException"/>
</testsuite> <!-- TestNG.ExpectedException -->
